2017-07-06T11:24:46+05:00 INFO (6): Старт - Атомная электростанция, уровень - 9
2017-07-06T11:24:46+05:00 INFO (6): Электричество до : 0
2017-07-06T11:24:46+05:00 INFO (6): Электричество производство : 2673
2017-07-06T11:24:46+05:00 INFO (6): Электричество потребление : 0
2017-07-06T11:24:46+05:00 INFO (6): Электричество после : 2673
2017-07-06T11:24:46+05:00 INFO (6): Стоп - Атомная электростанция
2017-07-06T11:24:46+05:00 INFO (6): Старт - Газовая станция, уровень - 7
2017-07-06T11:24:46+05:00 INFO (6): Электричество до : 2673
2017-07-06T11:24:46+05:00 INFO (6): Электричество производство : 0
2017-07-06T11:24:46+05:00 INFO (6): Электричество потребление : 235.2
2017-07-06T11:24:46+05:00 INFO (6): Электричество после : 2437.8
2017-07-06T11:24:46+05:00 INFO (6): Стоп - Газовая станция
2017-07-06T11:24:46+05:00 INFO (6): Старт - Шахта металла, уровень - 2
2017-07-06T11:24:46+05:00 INFO (6): Электричество до : 2437.8
2017-07-06T11:24:46+05:00 INFO (6): Электричество производство : 0
2017-07-06T11:24:46+05:00 INFO (6): Электричество потребление : 16
2017-07-06T11:24:46+05:00 INFO (6): Электричество после : 2421.8
2017-07-06T11:24:46+05:00 INFO (6): Стоп - Шахта металла
2017-07-06T11:24:46+05:00 INFO (6): Старт - Титановый завод, уровень - 1
2017-07-06T11:24:46+05:00 INFO (6): Электричество до : 2421.8
2017-07-06T11:24:46+05:00 INFO (6): Электричество производство : 0
2017-07-06T11:24:46+05:00 INFO (6): Электричество потребление : 8
2017-07-06T11:24:46+05:00 INFO (6): Электричество после : 2413.8
2017-07-06T11:24:46+05:00 INFO (6): Стоп - Титановый завод
2017-07-06T11:24:46+05:00 INFO (6): Старт - Водородный завод, уровень - 1
2017-07-06T11:24:46+05:00 INFO (6): Электричество до : 2413.8
2017-07-06T11:24:46+05:00 INFO (6): Электричество производство : 0
2017-07-06T11:24:46+05:00 INFO (6): Электричество потребление : 7.2
2017-07-06T11:24:46+05:00 INFO (6): Электричество после : 2406.6
2017-07-06T11:24:46+05:00 INFO (6): Стоп - Водородный завод
2017-07-06T11:24:46+05:00 INFO (6): Старт - Обогатитель руды, уровень - 1
2017-07-06T11:24:46+05:00 INFO (6): Электричество до : 2406.6
2017-07-06T11:24:46+05:00 INFO (6): Электричество производство : 0
2017-07-06T11:24:46+05:00 INFO (6): Электричество потребление : 6
2017-07-06T11:24:46+05:00 INFO (6): Электричество после : 2400.6
2017-07-06T11:24:46+05:00 INFO (6): Стоп - Обогатитель руды
2017-07-06T11:24:46+05:00 INFO (6): Электричество до коррекции : 2400.6
2017-07-06T11:24:46+05:00 INFO (6): Коррекция : 0
2017-07-06T11:24:46+05:00 INFO (6): Электричество после коррекции : 2400.6
2017-07-06T11:24:47+05:00 INFO (6): Электричество до коррекции : 0
2017-07-06T11:24:47+05:00 INFO (6): Коррекция : 0
2017-07-06T11:24:47+05:00 INFO (6): Электричество после коррекции : 0
2017-07-06T11:24:47+05:00 INFO (6): Электричество до коррекции : 0
2017-07-06T11:24:47+05:00 INFO (6): Коррекция : 0
2017-07-06T11:24:47+05:00 INFO (6): Электричество после коррекции : 0
2017-07-06T11:24:47+05:00 INFO (6): Электричество до коррекции : 0
2017-07-06T11:24:47+05:00 INFO (6): Коррекция : 0
2017-07-06T11:24:47+05:00 INFO (6): Электричество после коррекции : 0
2017-07-06T11:24:47+05:00 INFO (6): Электричество до коррекции : 0
2017-07-06T11:24:47+05:00 INFO (6): Коррекция : 0
2017-07-06T11:24:47+05:00 INFO (6): Электричество после коррекции : 0
2017-07-06T11:24:47+05:00 INFO (6): Электричество до коррекции : 0
2017-07-06T11:24:47+05:00 INFO (6): Коррекция : 0
2017-07-06T11:24:47+05:00 INFO (6): Электричество после коррекции : 0
2017-07-06T11:24:47+05:00 INFO (6): Электричество до коррекции : 0
2017-07-06T11:24:47+05:00 INFO (6): Коррекция : 0
2017-07-06T11:24:47+05:00 INFO (6): Электричество после коррекции : 0
2017-07-06T11:24:48+05:00 INFO (6): Электричество до коррекции : 0
2017-07-06T11:24:48+05:00 INFO (6): Коррекция : 0
2017-07-06T11:24:48+05:00 INFO (6): Электричество после коррекции : 0
2017-07-06T11:24:48+05:00 INFO (6): Электричество до коррекции : 0
2017-07-06T11:24:48+05:00 INFO (6): Коррекция : 0
2017-07-06T11:24:48+05:00 INFO (6): Электричество после коррекции : 0
2017-07-06T11:24:48+05:00 INFO (6): Электричество до коррекции : 0
2017-07-06T11:24:48+05:00 INFO (6): Коррекция : 0
2017-07-06T11:24:48+05:00 INFO (6): Электричество после коррекции : 0
2017-07-06T11:24:48+05:00 INFO (6): Электричество до коррекции : 0
2017-07-06T11:24:48+05:00 INFO (6): Коррекция : 0
2017-07-06T11:24:48+05:00 INFO (6): Электричество после коррекции : 0
2017-07-06T11:24:48+05:00 INFO (6): Электричество до коррекции : 0
2017-07-06T11:24:48+05:00 INFO (6): Коррекция : 0
2017-07-06T11:24:48+05:00 INFO (6): Электричество после коррекции : 0
2017-07-06T11:24:48+05:00 INFO (6): Электричество до коррекции : 0
2017-07-06T11:24:48+05:00 INFO (6): Коррекция : 0
2017-07-06T11:24:48+05:00 INFO (6): Электричество после коррекции : 0
2017-07-06T11:24:48+05:00 INFO (6): Электричество до коррекции : 0
2017-07-06T11:24:48+05:00 INFO (6): Коррекция : 0
2017-07-06T11:24:48+05:00 INFO (6): Электричество после коррекции : 0
2017-07-06T11:24:49+05:00 INFO (6): Электричество до коррекции : 0
2017-07-06T11:24:49+05:00 INFO (6): Коррекция : 0
2017-07-06T11:24:49+05:00 INFO (6): Электричество после коррекции : 0
2017-07-06T11:24:49+05:00 INFO (6): Электричество до коррекции : 0
2017-07-06T11:24:49+05:00 INFO (6): Коррекция : 0
2017-07-06T11:24:49+05:00 INFO (6): Электричество после коррекции : 0
2017-07-06T11:24:49+05:00 INFO (6): Электричество до коррекции : 0
2017-07-06T11:24:49+05:00 INFO (6): Коррекция : 0
2017-07-06T11:24:49+05:00 INFO (6): Электричество после коррекции : 0
2017-07-06T11:24:49+05:00 INFO (6): Электричество до коррекции : 0
2017-07-06T11:24:49+05:00 INFO (6): Коррекция : 0
2017-07-06T11:24:49+05:00 INFO (6): Электричество после коррекции : 0
2017-07-06T11:24:49+05:00 INFO (6): Электричество до коррекции : 0
2017-07-06T11:24:49+05:00 INFO (6): Коррекция : 0
2017-07-06T11:24:49+05:00 INFO (6): Электричество после коррекции : 0
