2017-03-02T23:42:02+05:00 INFO (6): > Считывание исходных данных...
2017-03-02T23:42:02+05:00 INFO (6): > Начало генерации галактик...
2017-03-02T23:42:02+05:00 INFO (6): > Всего будет сформировано 9 галактик...
2017-03-02T23:42:03+05:00 INFO (6): > Формирование галактики (0) GWVqL3E9slb6nMlEkNrpOYAbApzjdAJU
2017-03-02T23:42:31+05:00 INFO (6): > Формирование галактики (1) V0G0rw7b947NrTHrMMc0gs3jMaCOIJtv
2017-03-02T23:42:50+05:00 INFO (6): > Формирование галактики (2) vmcWliuV2KFVuPmZEkm27HOiVKQit07n
2017-03-02T23:43:14+05:00 INFO (6): > Формирование галактики (3) LAYCuFiCal1eRGmxXGSo35k3IemPntob
2017-03-02T23:43:41+05:00 INFO (6): > Формирование галактики (4) uqSp5RsDVvgTOqg5OUppjsP1BLKYSzft
2017-03-02T23:44:02+05:00 INFO (6): > Формирование галактики (5) CmHdQnf9E5riQ82pcA2Xsjs7ik9VUEfD
2017-03-02T23:44:26+05:00 INFO (6): > Формирование галактики (6) pJeF8XWzADNXtkzVAquy4DlUEtvf9gW6
2017-03-02T23:44:48+05:00 INFO (6): > Формирование галактики (7) l81nJDEWepu5ODsn5Iqr88PSMtXjSd5H
2017-03-02T23:45:14+05:00 INFO (6): > Формирование галактики (8) BIAy6iMSuOkqHIWUXDVQ5ajd0vo0vPUA
2017-03-02T23:45:29+05:00 INFO (6): > Окончание генерации галактик...
2017-03-02T23:45:29+05:00 INFO (6): > Всего сгенерировано галактик - 9
2017-03-02T23:45:29+05:00 INFO (6): > Всего сгенерировано планетных систем - 93
2017-03-02T23:45:29+05:00 INFO (6): > Всего сгенерировано звезд - 93
2017-03-02T23:45:29+05:00 INFO (6): > Звезд [бело-голубой, класса B] - 26
2017-03-02T23:45:29+05:00 INFO (6): > Звезд [белый, класса A] - 33
2017-03-02T23:45:29+05:00 INFO (6): > Звезд [жёлто-белый, класса F] - 18
2017-03-02T23:45:29+05:00 INFO (6): > Звезд [жёлтый, класса G] - 9
2017-03-02T23:45:29+05:00 INFO (6): > Звезд [оранжевый, класса K] - 7
2017-03-02T23:45:29+05:00 INFO (6): > Всего сгенерировано планет - 744
2017-03-02T23:45:29+05:00 INFO (6): > Всего сгенерировано спутников - 2038
